  [1m[36m (0.9ms)[0m  [1mCREATE TABLE "schema_migrations" ("version" varchar NOT NULL) [0m
  [1m[35m (0.0ms)[0m  select sqlite_version(*)
  [1m[36m (0.7ms)[0m  [1mCREATE UNIQUE INDEX "unique_schema_migrations" ON "schema_migrations" ("version")[0m
  [1m[35mActiveRecord::SchemaMigration Load (0.1ms)[0m  SELECT "schema_migrations".* FROM "schema_migrations"
Migrating to CreateUsers (20160606004122)
  [1m[36m (0.0ms)[0m  [1mbegin transaction[0m
  [1m[35m (0.3ms)[0m  CREATE TABLE "users" ("id" INTEGER PRIMARY KEY AUTOINCREMENT NOT NULL, "name" varchar, "email" varchar, "password_digest" varchar, "created_at" datetime NOT NULL, "updated_at" datetime NOT NULL) 
  [1m[36mSQL (0.1ms)[0m  [1mINSERT INTO "schema_migrations" ("version") VALUES (?)[0m  [["version", "20160606004122"]]
  [1m[35m (0.7ms)[0m  commit transaction
  [1m[36mActiveRecord::SchemaMigration Load (0.1ms)[0m  [1mSELECT "schema_migrations".* FROM "schema_migrations"[0m
  [1m[36m (0.2ms)[0m  [1mbegin transaction[0m
  [1m[35mSQL (0.5ms)[0m  INSERT INTO "users" ("name", "email", "password_digest", "created_at", "updated_at") VALUES (?, ?, ?, ?, ?)  [["name", "Thomas"], ["email", "lfg2305@gmail.com"], ["password_digest", "$2a$10$G6Z1OXYZ2CZYYytrAq0wzuE2aFs1csuUNXnqXuMsQEzJKCdm3ld7u"], ["created_at", "2016-06-06 00:44:22.693851"], ["updated_at", "2016-06-06 00:44:22.693851"]]
  [1m[36m (2.0ms)[0m  [1mcommit transaction[0m
  [1m[35m (0.1ms)[0m  begin transaction
  [1m[36mSQL (0.4ms)[0m  [1mINSERT INTO "users" ("name", "email", "password_digest", "created_at", "updated_at") VALUES (?, ?, ?, ?, ?)[0m  [["name", "Ranya"], ["email", "ranya@gmail.com"], ["password_digest", "$2a$10$10ti86wma5.Ip/Agl2Ywau10OaRmPuG4fT1dMSbcaiv229ayjan0e"], ["created_at", "2016-06-06 00:46:32.842894"], ["updated_at", "2016-06-06 00:46:32.842894"]]
  [1m[35m (2.5ms)[0m  commit transaction
  [1m[36m (0.1ms)[0m  [1mbegin transaction[0m
  [1m[35mSQL (0.5ms)[0m  INSERT INTO "users" ("name", "email", "password_digest", "created_at", "updated_at") VALUES (?, ?, ?, ?, ?)  [["name", "Shahrooz"], ["email", "shahrooz@gmail.com"], ["password_digest", "$2a$10$WycMipw3w6RrYqbZGTQkF.ll6jtrPlyRMk63UT0oJiNyQ/gZ8He/S"], ["created_at", "2016-06-06 00:47:51.274081"], ["updated_at", "2016-06-06 00:47:51.274081"]]
  [1m[36m (2.1ms)[0m  [1mcommit transaction[0m
  [1m[35mUser Load (0.2ms)[0m  SELECT "users".* FROM "users"
  [1m[36m (0.2ms)[0m  [1mSELECT COUNT(*) FROM "users"[0m


Started GET "/" for ::1 at 2016-06-05 19:05:30 -0700
  [1m[36mActiveRecord::SchemaMigration Load (0.1ms)[0m  [1mSELECT "schema_migrations".* FROM "schema_migrations"[0m

SyntaxError (/Users/LarryGomes/GA_workspace/w05/d05/Weekend_HW_rails-practice/app/controllers/application_controller.rb:21: syntax error, unexpected end-of-input, expecting keyword_end):
  app/controllers/application_controller.rb:21: syntax error, unexpected end-of-input, expecting keyword_end
  app/controllers/users_controller.rb:1:in `<top (required)>'


  Rendered /Users/LarryGomes/.rbenv/versions/2.3.1/lib/ruby/gems/2.3.0/gems/actionpack-4.2.6/lib/action_dispatch/middleware/templates/rescues/_source.erb (4.2ms)
  Rendered /Users/LarryGomes/.rbenv/versions/2.3.1/lib/ruby/gems/2.3.0/gems/actionpack-4.2.6/lib/action_dispatch/middleware/templates/rescues/_trace.html.erb (2.1ms)
  Rendered /Users/LarryGomes/.rbenv/versions/2.3.1/lib/ruby/gems/2.3.0/gems/actionpack-4.2.6/lib/action_dispatch/middleware/templates/rescues/_request_and_response.html.erb (8.4ms)
  Rendered /Users/LarryGomes/.rbenv/versions/2.3.1/lib/ruby/gems/2.3.0/gems/actionpack-4.2.6/lib/action_dispatch/middleware/templates/rescues/diagnostics.html.erb within rescues/layout (75.7ms)
  Rendered /Users/LarryGomes/.rbenv/versions/2.3.1/lib/ruby/gems/2.3.0/gems/web-console-2.3.0/lib/web_console/templates/_markup.html.erb (0.5ms)
  Rendered /Users/LarryGomes/.rbenv/versions/2.3.1/lib/ruby/gems/2.3.0/gems/web-console-2.3.0/lib/web_console/templates/_inner_console_markup.html.erb within layouts/inlined_string (0.3ms)
  Rendered /Users/LarryGomes/.rbenv/versions/2.3.1/lib/ruby/gems/2.3.0/gems/web-console-2.3.0/lib/web_console/templates/_prompt_box_markup.html.erb within layouts/inlined_string (0.4ms)
  Rendered /Users/LarryGomes/.rbenv/versions/2.3.1/lib/ruby/gems/2.3.0/gems/web-console-2.3.0/lib/web_console/templates/style.css.erb within layouts/inlined_string (0.4ms)
  Rendered /Users/LarryGomes/.rbenv/versions/2.3.1/lib/ruby/gems/2.3.0/gems/web-console-2.3.0/lib/web_console/templates/console.js.erb within layouts/javascript (64.6ms)
  Rendered /Users/LarryGomes/.rbenv/versions/2.3.1/lib/ruby/gems/2.3.0/gems/web-console-2.3.0/lib/web_console/templates/main.js.erb within layouts/javascript (0.4ms)
  Rendered /Users/LarryGomes/.rbenv/versions/2.3.1/lib/ruby/gems/2.3.0/gems/web-console-2.3.0/lib/web_console/templates/error_page.js.erb within layouts/javascript (0.4ms)
  Rendered /Users/LarryGomes/.rbenv/versions/2.3.1/lib/ruby/gems/2.3.0/gems/web-console-2.3.0/lib/web_console/templates/index.html.erb (143.8ms)


Started GET "/" for ::1 at 2016-06-05 19:05:50 -0700
Processing by UsersController#index as HTML
  Rendered users/index.html.erb within layouts/application (0.2ms)
Completed 200 OK in 1287ms (Views: 1286.2ms | ActiveRecord: 0.0ms)


Started GET "/assets/sessions.self-e3b0c44298fc1c149afbf4c8996fb92427ae41e4649b934ca495991b7852b855.css?body=1" for ::1 at 2016-06-05 19:05:52 -0700


Started GET "/assets/turbolinks.self-c37727e9bd6b2735da5c311aa83fead54ed0be6cc8bd9a65309e9c5abe2cbfff.js?body=1" for ::1 at 2016-06-05 19:05:52 -0700


Started GET "/assets/users.self-e3b0c44298fc1c149afbf4c8996fb92427ae41e4649b934ca495991b7852b855.css?body=1" for ::1 at 2016-06-05 19:05:52 -0700


Started GET "/assets/application.self-e80e8f2318043e8af94dddc2adad5a4f09739a8ebb323b3ab31cd71d45fd9113.css?body=1" for ::1 at 2016-06-05 19:05:52 -0700


Started GET "/assets/jquery_ujs.self-e87806d0cf4489aeb1bb7288016024e8de67fd18db693fe026fe3907581e53cd.js?body=1" for ::1 at 2016-06-05 19:05:52 -0700


Started GET "/assets/jquery.self-660adc51e0224b731d29f575a6f1ec167ba08ad06ed5deca4f1e8654c135bf4c.js?body=1" for ::1 at 2016-06-05 19:05:52 -0700


Started GET "/assets/sessions.self-877aef30ae1b040ab8a3aba4e3e309a11d7f2612f44dde450b5c157aa5f95c05.js?body=1" for ::1 at 2016-06-05 19:05:52 -0700


Started GET "/assets/users.self-877aef30ae1b040ab8a3aba4e3e309a11d7f2612f44dde450b5c157aa5f95c05.js?body=1" for ::1 at 2016-06-05 19:05:52 -0700


Started GET "/assets/application.self-3b8dabdc891efe46b9a144b400ad69e37d7e5876bdc39dee783419a69d7ca819.js?body=1" for ::1 at 2016-06-05 19:05:52 -0700


Started GET "/sessions/new" for ::1 at 2016-06-05 19:05:54 -0700
Processing by SessionsController#new as HTML
  Rendered sessions/new.html.erb within layouts/application (1.8ms)
Completed 200 OK in 37ms (Views: 36.2ms | ActiveRecord: 0.0ms)


Started POST "/sessions" for ::1 at 2016-06-05 19:06:11 -0700
Processing by SessionsController#create as HTML
  Parameters: {"utf8"=>"✓", "authenticity_token"=>"EwJRuWIN0oOwabFX4xdj/uMctW9gacfnr7VLcDgcxj4CgwOCPvkFKKoh4uVvurIRj+jpBaz5qoWo2wq/cFO5+A==", "email"=>"lfg2305@gmail.com", "password"=>"[FILTERED]", "commit"=>"Log in"}
  [1m[35mUser Load (0.2ms)[0m  SELECT  "users".* FROM "users" WHERE "users"."email" = ? LIMIT 1  [["email", "lfg2305@gmail.com"]]
Redirected to http://localhost:3000/users/1
Completed 302 Found in 88ms (ActiveRecord: 0.7ms)


Started GET "/users/1" for ::1 at 2016-06-05 19:06:12 -0700
Processing by UsersController#show as HTML
  Parameters: {"id"=>"1"}
  [1m[36mUser Load (0.2ms)[0m  [1mSELECT  "users".* FROM "users" WHERE "users"."id" = ? LIMIT 1[0m  [["id", 1]]
  [1m[35mUser Load (0.1ms)[0m  SELECT  "users".* FROM "users" WHERE "users"."id" = ? LIMIT 1  [["id", 1]]
  Rendered users/show.html.erb within layouts/application (0.3ms)
Completed 200 OK in 17ms (Views: 15.4ms | ActiveRecord: 0.2ms)


Started GET "/users/1" for ::1 at 2016-06-05 19:06:52 -0700
Processing by UsersController#show as HTML
  Parameters: {"id"=>"1"}
  [1m[36mUser Load (0.2ms)[0m  [1mSELECT  "users".* FROM "users" WHERE "users"."id" = ? LIMIT 1[0m  [["id", 1]]
  [1m[35mUser Load (0.1ms)[0m  SELECT  "users".* FROM "users" WHERE "users"."id" = ? LIMIT 1  [["id", 1]]
  Rendered users/show.html.erb within layouts/application (0.4ms)
Completed 200 OK in 17ms (Views: 15.7ms | ActiveRecord: 0.3ms)


Started GET "/assets/sessions.self-e3b0c44298fc1c149afbf4c8996fb92427ae41e4649b934ca495991b7852b855.css?body=1" for ::1 at 2016-06-05 19:06:52 -0700


Started GET "/assets/users.self-e3b0c44298fc1c149afbf4c8996fb92427ae41e4649b934ca495991b7852b855.css?body=1" for ::1 at 2016-06-05 19:06:52 -0700


Started GET "/assets/application.self-e80e8f2318043e8af94dddc2adad5a4f09739a8ebb323b3ab31cd71d45fd9113.css?body=1" for ::1 at 2016-06-05 19:06:52 -0700


Started GET "/assets/jquery_ujs.self-e87806d0cf4489aeb1bb7288016024e8de67fd18db693fe026fe3907581e53cd.js?body=1" for ::1 at 2016-06-05 19:06:52 -0700


Started GET "/assets/jquery.self-660adc51e0224b731d29f575a6f1ec167ba08ad06ed5deca4f1e8654c135bf4c.js?body=1" for ::1 at 2016-06-05 19:06:52 -0700


Started GET "/assets/turbolinks.self-c37727e9bd6b2735da5c311aa83fead54ed0be6cc8bd9a65309e9c5abe2cbfff.js?body=1" for ::1 at 2016-06-05 19:06:52 -0700


Started GET "/assets/sessions.self-877aef30ae1b040ab8a3aba4e3e309a11d7f2612f44dde450b5c157aa5f95c05.js?body=1" for ::1 at 2016-06-05 19:06:52 -0700


Started GET "/assets/users.self-877aef30ae1b040ab8a3aba4e3e309a11d7f2612f44dde450b5c157aa5f95c05.js?body=1" for ::1 at 2016-06-05 19:06:52 -0700


Started GET "/assets/application.self-3b8dabdc891efe46b9a144b400ad69e37d7e5876bdc39dee783419a69d7ca819.js?body=1" for ::1 at 2016-06-05 19:06:52 -0700


Started DELETE "/logout" for ::1 at 2016-06-05 19:06:56 -0700
Processing by SessionsController#destroy as HTML
  Parameters: {"authenticity_token"=>"NzmG4ySyeFQ7DYbnfOi+HDPVEtdU+ACrpCAoTHKwb7smuNTYeEav/yFF1VXwRW/zXyFOvZhobcmjTmmDOv8QfQ=="}
Redirected to http://localhost:3000/
Completed 302 Found in 1ms (ActiveRecord: 0.0ms)


Started GET "/" for ::1 at 2016-06-05 19:06:56 -0700
Processing by UsersController#index as HTML
  Rendered users/index.html.erb within layouts/application (0.0ms)
Completed 200 OK in 15ms (Views: 14.8ms | ActiveRecord: 0.0ms)


Started GET "/" for ::1 at 2016-06-05 19:13:21 -0700
Processing by UsersController#index as HTML
  [1m[36mUser Load (0.3ms)[0m  [1mSELECT "users".* FROM "users"[0m
  Rendered users/index.html.erb within layouts/application (4.4ms)
Completed 200 OK in 22ms (Views: 19.5ms | ActiveRecord: 0.6ms)


Started GET "/assets/sessions.self-e3b0c44298fc1c149afbf4c8996fb92427ae41e4649b934ca495991b7852b855.css?body=1" for ::1 at 2016-06-05 19:13:22 -0700


Started GET "/assets/users.self-e3b0c44298fc1c149afbf4c8996fb92427ae41e4649b934ca495991b7852b855.css?body=1" for ::1 at 2016-06-05 19:13:22 -0700


Started GET "/assets/jquery_ujs.self-e87806d0cf4489aeb1bb7288016024e8de67fd18db693fe026fe3907581e53cd.js?body=1" for ::1 at 2016-06-05 19:13:22 -0700


Started GET "/assets/turbolinks.self-c37727e9bd6b2735da5c311aa83fead54ed0be6cc8bd9a65309e9c5abe2cbfff.js?body=1" for ::1 at 2016-06-05 19:13:22 -0700


Started GET "/assets/application.self-e80e8f2318043e8af94dddc2adad5a4f09739a8ebb323b3ab31cd71d45fd9113.css?body=1" for ::1 at 2016-06-05 19:13:22 -0700


Started GET "/assets/jquery.self-660adc51e0224b731d29f575a6f1ec167ba08ad06ed5deca4f1e8654c135bf4c.js?body=1" for ::1 at 2016-06-05 19:13:22 -0700


Started GET "/assets/sessions.self-877aef30ae1b040ab8a3aba4e3e309a11d7f2612f44dde450b5c157aa5f95c05.js?body=1" for ::1 at 2016-06-05 19:13:22 -0700


Started GET "/assets/users.self-877aef30ae1b040ab8a3aba4e3e309a11d7f2612f44dde450b5c157aa5f95c05.js?body=1" for ::1 at 2016-06-05 19:13:22 -0700


Started GET "/assets/application.self-3b8dabdc891efe46b9a144b400ad69e37d7e5876bdc39dee783419a69d7ca819.js?body=1" for ::1 at 2016-06-05 19:13:22 -0700


Started GET "/sessions/new" for ::1 at 2016-06-05 19:13:27 -0700
Processing by SessionsController#new as HTML
  Rendered sessions/new.html.erb within layouts/application (0.6ms)
Completed 200 OK in 17ms (Views: 16.7ms | ActiveRecord: 0.0ms)


Started GET "/users/new" for ::1 at 2016-06-05 19:13:33 -0700
Processing by UsersController#new as HTML
  Rendered users/new.html.erb within layouts/application (13.0ms)
Completed 200 OK in 29ms (Views: 28.3ms | ActiveRecord: 0.0ms)


Started POST "/users" for ::1 at 2016-06-05 19:13:53 -0700
Processing by UsersController#create as HTML
  Parameters: {"utf8"=>"✓", "authenticity_token"=>"EeluPACfa4Gj2tVdNwv/m06sex6VY2O9s41NKq6wUIAAaDwHXGu8KrmShu+7pi50IlgndFnzDt+04wzl5v8vRg==", "user"=>{"name"=>"Michael ", "email"=>"michael@gmail.com", "password"=>"[FILTERED]", "password_confirmation"=>"[FILTERED]"}, "commit"=>"Create Account"}
Completed 400 Bad Request in 1ms (ActiveRecord: 0.0ms)

ActionController::ParameterMissing (param is missing or the value is empty: users):
  app/controllers/users_controller.rb:35:in `user_params'
  app/controllers/users_controller.rb:21:in `create'


  Rendered /Users/LarryGomes/.rbenv/versions/2.3.1/lib/ruby/gems/2.3.0/gems/actionpack-4.2.6/lib/action_dispatch/middleware/templates/rescues/_source.erb (6.7ms)
  Rendered /Users/LarryGomes/.rbenv/versions/2.3.1/lib/ruby/gems/2.3.0/gems/actionpack-4.2.6/lib/action_dispatch/middleware/templates/rescues/_trace.html.erb (2.2ms)
  Rendered /Users/LarryGomes/.rbenv/versions/2.3.1/lib/ruby/gems/2.3.0/gems/actionpack-4.2.6/lib/action_dispatch/middleware/templates/rescues/_request_and_response.html.erb (1.0ms)
  Rendered /Users/LarryGomes/.rbenv/versions/2.3.1/lib/ruby/gems/2.3.0/gems/actionpack-4.2.6/lib/action_dispatch/middleware/templates/rescues/diagnostics.html.erb within rescues/layout (67.4ms)
  Rendered /Users/LarryGomes/.rbenv/versions/2.3.1/lib/ruby/gems/2.3.0/gems/web-console-2.3.0/lib/web_console/templates/_markup.html.erb (0.4ms)
  Rendered /Users/LarryGomes/.rbenv/versions/2.3.1/lib/ruby/gems/2.3.0/gems/web-console-2.3.0/lib/web_console/templates/_inner_console_markup.html.erb within layouts/inlined_string (0.4ms)
  Rendered /Users/LarryGomes/.rbenv/versions/2.3.1/lib/ruby/gems/2.3.0/gems/web-console-2.3.0/lib/web_console/templates/_prompt_box_markup.html.erb within layouts/inlined_string (0.3ms)
  Rendered /Users/LarryGomes/.rbenv/versions/2.3.1/lib/ruby/gems/2.3.0/gems/web-console-2.3.0/lib/web_console/templates/style.css.erb within layouts/inlined_string (0.5ms)
  Rendered /Users/LarryGomes/.rbenv/versions/2.3.1/lib/ruby/gems/2.3.0/gems/web-console-2.3.0/lib/web_console/templates/console.js.erb within layouts/javascript (58.9ms)
  Rendered /Users/LarryGomes/.rbenv/versions/2.3.1/lib/ruby/gems/2.3.0/gems/web-console-2.3.0/lib/web_console/templates/main.js.erb within layouts/javascript (0.5ms)
  Rendered /Users/LarryGomes/.rbenv/versions/2.3.1/lib/ruby/gems/2.3.0/gems/web-console-2.3.0/lib/web_console/templates/error_page.js.erb within layouts/javascript (0.4ms)
  Rendered /Users/LarryGomes/.rbenv/versions/2.3.1/lib/ruby/gems/2.3.0/gems/web-console-2.3.0/lib/web_console/templates/index.html.erb (130.6ms)


Started POST "/users" for ::1 at 2016-06-05 19:15:23 -0700
Processing by UsersController#create as HTML
  Parameters: {"utf8"=>"✓", "authenticity_token"=>"EeluPACfa4Gj2tVdNwv/m06sex6VY2O9s41NKq6wUIAAaDwHXGu8KrmShu+7pi50IlgndFnzDt+04wzl5v8vRg==", "user"=>{"name"=>"Michael ", "email"=>"michael@gmail.com", "password"=>"[FILTERED]", "password_confirmation"=>"[FILTERED]"}, "commit"=>"Create Account"}
  [1m[35m (0.1ms)[0m  begin transaction
  [1m[36mSQL (0.5ms)[0m  [1mINSERT INTO "users" ("name", "email", "password_digest", "created_at", "updated_at") VALUES (?, ?, ?, ?, ?)[0m  [["name", "Michael "], ["email", "michael@gmail.com"], ["password_digest", "$2a$10$Yjkyt9uKi5D3RtvzxaWb/eAZxrb1YbLiRzin2cMSftiAMQrNKmz6O"], ["created_at", "2016-06-06 02:15:23.196300"], ["updated_at", "2016-06-06 02:15:23.196300"]]
  [1m[35m (2.1ms)[0m  commit transaction
Redirected to http://localhost:3000/sessions/new
Completed 302 Found in 72ms (ActiveRecord: 3.2ms)


Started GET "/sessions/new" for ::1 at 2016-06-05 19:15:23 -0700
Processing by SessionsController#new as HTML
  Rendered sessions/new.html.erb within layouts/application (1.0ms)
Completed 200 OK in 17ms (Views: 16.6ms | ActiveRecord: 0.0ms)


Started GET "/assets/sessions.self-e3b0c44298fc1c149afbf4c8996fb92427ae41e4649b934ca495991b7852b855.css?body=1" for ::1 at 2016-06-05 19:15:23 -0700


Started GET "/assets/application.self-e80e8f2318043e8af94dddc2adad5a4f09739a8ebb323b3ab31cd71d45fd9113.css?body=1" for ::1 at 2016-06-05 19:15:23 -0700


Started GET "/assets/jquery.self-660adc51e0224b731d29f575a6f1ec167ba08ad06ed5deca4f1e8654c135bf4c.js?body=1" for ::1 at 2016-06-05 19:15:23 -0700


Started GET "/assets/turbolinks.self-c37727e9bd6b2735da5c311aa83fead54ed0be6cc8bd9a65309e9c5abe2cbfff.js?body=1" for ::1 at 2016-06-05 19:15:23 -0700


Started GET "/assets/users.self-e3b0c44298fc1c149afbf4c8996fb92427ae41e4649b934ca495991b7852b855.css?body=1" for ::1 at 2016-06-05 19:15:23 -0700


Started GET "/assets/sessions.self-877aef30ae1b040ab8a3aba4e3e309a11d7f2612f44dde450b5c157aa5f95c05.js?body=1" for ::1 at 2016-06-05 19:15:23 -0700


Started GET "/assets/jquery_ujs.self-e87806d0cf4489aeb1bb7288016024e8de67fd18db693fe026fe3907581e53cd.js?body=1" for ::1 at 2016-06-05 19:15:23 -0700


Started GET "/assets/users.self-877aef30ae1b040ab8a3aba4e3e309a11d7f2612f44dde450b5c157aa5f95c05.js?body=1" for ::1 at 2016-06-05 19:15:23 -0700


Started GET "/assets/application.self-3b8dabdc891efe46b9a144b400ad69e37d7e5876bdc39dee783419a69d7ca819.js?body=1" for ::1 at 2016-06-05 19:15:23 -0700


Started POST "/sessions" for ::1 at 2016-06-05 19:16:23 -0700
Processing by SessionsController#create as HTML
  Parameters: {"utf8"=>"✓", "authenticity_token"=>"Qz432KXUN0MaBiRf+CBuyYknQiZmYC2cH/xDeGxazFNSv2Xj+SDg6ABOd+10jb8m5dMeTKrwQP4YkgK3JBWzlQ==", "email"=>"michael@gmail.com", "password"=>"[FILTERED]", "commit"=>"Log in"}
  [1m[36mUser Load (0.2ms)[0m  [1mSELECT  "users".* FROM "users" WHERE "users"."email" = ? LIMIT 1[0m  [["email", "michael@gmail.com"]]
Redirected to http://localhost:3000/users/4
Completed 302 Found in 66ms (ActiveRecord: 0.2ms)


Started GET "/users/4" for ::1 at 2016-06-05 19:16:23 -0700
Processing by UsersController#show as HTML
  Parameters: {"id"=>"4"}
  [1m[35mUser Load (0.2ms)[0m  SELECT  "users".* FROM "users" WHERE "users"."id" = ? LIMIT 1  [["id", 4]]
  [1m[36mUser Load (0.1ms)[0m  [1mSELECT  "users".* FROM "users" WHERE "users"."id" = ? LIMIT 1[0m  [["id", 4]]
  Rendered users/show.html.erb within layouts/application (0.1ms)
Completed 200 OK in 19ms (Views: 17.5ms | ActiveRecord: 0.2ms)


Started DELETE "/logout" for ::1 at 2016-06-05 19:16:25 -0700
Processing by SessionsController#destroy as HTML
  Parameters: {"authenticity_token"=>"wppPqfGmYTbA6PCKDnGv+gBGXXotvW1CpoIf2qv2bxbTGx2SrVK2ndqgoziC3H4VbLIBEOEtACCh7F4V47kQ0A=="}
Redirected to http://localhost:3000/
Completed 302 Found in 1ms (ActiveRecord: 0.0ms)


Started GET "/" for ::1 at 2016-06-05 19:16:25 -0700
Processing by UsersController#index as HTML
  [1m[35mUser Load (0.2ms)[0m  SELECT "users".* FROM "users"
  Rendered users/index.html.erb within layouts/application (0.7ms)
Completed 200 OK in 19ms (Views: 18.3ms | ActiveRecord: 0.2ms)


Started GET "/sessions/new" for ::1 at 2016-06-05 19:16:55 -0700
Processing by SessionsController#new as HTML
  Rendered sessions/new.html.erb within layouts/application (0.7ms)
Completed 200 OK in 19ms (Views: 18.8ms | ActiveRecord: 0.0ms)


Started POST "/sessions" for ::1 at 2016-06-05 19:17:04 -0700
Processing by SessionsController#create as HTML
  Parameters: {"utf8"=>"✓", "authenticity_token"=>"ntUfM076h+/nwUhG2mOwXcBEPouL0i8kY2HZthMmR2CPVE0IEg5QRP2JG/RWzmGyrLBi4UdCQkZkD5h5W2k4pg==", "email"=>"ranya@gmail.com", "password"=>"[FILTERED]", "commit"=>"Log in"}
  [1m[36mUser Load (0.1ms)[0m  [1mSELECT  "users".* FROM "users" WHERE "users"."email" = ? LIMIT 1[0m  [["email", "ranya@gmail.com"]]
Redirected to http://localhost:3000/users/2
Completed 302 Found in 65ms (ActiveRecord: 0.1ms)


Started GET "/users/2" for ::1 at 2016-06-05 19:17:04 -0700
Processing by UsersController#show as HTML
  Parameters: {"id"=>"2"}
  [1m[35mUser Load (0.1ms)[0m  SELECT  "users".* FROM "users" WHERE "users"."id" = ? LIMIT 1  [["id", 2]]
  [1m[36mUser Load (0.1ms)[0m  [1mSELECT  "users".* FROM "users" WHERE "users"."id" = ? LIMIT 1[0m  [["id", 2]]
  Rendered users/show.html.erb within layouts/application (0.1ms)
Completed 200 OK in 15ms (Views: 13.6ms | ActiveRecord: 0.2ms)


Started DELETE "/logout" for ::1 at 2016-06-05 19:17:12 -0700
Processing by SessionsController#destroy as HTML
  Parameters: {"authenticity_token"=>"rNGQDzgf0JK+sRsQJ7LJxjb2JsYqrSv7IzCfCGVA9Wi9UMI0ZOsHOaT5SKKrHxgpWgJ6rOY9RpkkXt7HLQ+Krg=="}
Redirected to http://localhost:3000/
Completed 302 Found in 1ms (ActiveRecord: 0.0ms)


Started GET "/" for ::1 at 2016-06-05 19:17:12 -0700
Processing by UsersController#index as HTML
  [1m[35mUser Load (0.2ms)[0m  SELECT "users".* FROM "users"
  Rendered users/index.html.erb within layouts/application (0.6ms)
Completed 200 OK in 14ms (Views: 13.6ms | ActiveRecord: 0.2ms)


Started GET "/" for ::1 at 2016-06-05 19:18:09 -0700
Processing by UsersController#index as HTML
  [1m[36mUser Load (0.1ms)[0m  [1mSELECT "users".* FROM "users"[0m
  Rendered users/index.html.erb within layouts/application (0.6ms)
Completed 200 OK in 17ms (Views: 16.1ms | ActiveRecord: 0.1ms)


Started GET "/assets/sessions.self-e3b0c44298fc1c149afbf4c8996fb92427ae41e4649b934ca495991b7852b855.css?body=1" for ::1 at 2016-06-05 19:18:09 -0700


Started GET "/assets/jquery.self-660adc51e0224b731d29f575a6f1ec167ba08ad06ed5deca4f1e8654c135bf4c.js?body=1" for ::1 at 2016-06-05 19:18:10 -0700


Started GET "/assets/turbolinks.self-c37727e9bd6b2735da5c311aa83fead54ed0be6cc8bd9a65309e9c5abe2cbfff.js?body=1" for ::1 at 2016-06-05 19:18:10 -0700


Started GET "/assets/jquery_ujs.self-e87806d0cf4489aeb1bb7288016024e8de67fd18db693fe026fe3907581e53cd.js?body=1" for ::1 at 2016-06-05 19:18:10 -0700


Started GET "/assets/users.self-e3b0c44298fc1c149afbf4c8996fb92427ae41e4649b934ca495991b7852b855.css?body=1" for ::1 at 2016-06-05 19:18:10 -0700


Started GET "/assets/sessions.self-877aef30ae1b040ab8a3aba4e3e309a11d7f2612f44dde450b5c157aa5f95c05.js?body=1" for ::1 at 2016-06-05 19:18:10 -0700


Started GET "/assets/application.self-e80e8f2318043e8af94dddc2adad5a4f09739a8ebb323b3ab31cd71d45fd9113.css?body=1" for ::1 at 2016-06-05 19:18:10 -0700


Started GET "/assets/users.self-877aef30ae1b040ab8a3aba4e3e309a11d7f2612f44dde450b5c157aa5f95c05.js?body=1" for ::1 at 2016-06-05 19:18:10 -0700


Started GET "/assets/application.self-3b8dabdc891efe46b9a144b400ad69e37d7e5876bdc39dee783419a69d7ca819.js?body=1" for ::1 at 2016-06-05 19:18:10 -0700


Started GET "/sessions/new" for ::1 at 2016-06-05 19:18:11 -0700
Processing by SessionsController#new as HTML
  Rendered sessions/new.html.erb within layouts/application (0.6ms)
Completed 200 OK in 16ms (Views: 15.2ms | ActiveRecord: 0.0ms)


Started POST "/sessions" for ::1 at 2016-06-05 19:18:23 -0700
Processing by SessionsController#create as HTML
  Parameters: {"utf8"=>"✓", "authenticity_token"=>"b9uqTeuQGSqtWVWHaAPjUQHpeTvrHhqHX5v1Rq7ug+1+Wvh2t2TOgbcRBjXkrjK+bR0lUSeOd+VY9bSJ5qH8Kw==", "email"=>"ranya@gmail.com", "password"=>"[FILTERED]", "commit"=>"Log in"}
  [1m[35mUser Load (0.1ms)[0m  SELECT  "users".* FROM "users" WHERE "users"."email" = ? LIMIT 1  [["email", "ranya@gmail.com"]]
Redirected to http://localhost:3000/users/2
Completed 302 Found in 64ms (ActiveRecord: 0.1ms)


Started GET "/users/2" for ::1 at 2016-06-05 19:18:23 -0700
Processing by UsersController#show as HTML
  Parameters: {"id"=>"2"}
  [1m[36mUser Load (0.2ms)[0m  [1mSELECT  "users".* FROM "users" WHERE "users"."id" = ? LIMIT 1[0m  [["id", 2]]
  [1m[35mUser Load (0.1ms)[0m  SELECT  "users".* FROM "users" WHERE "users"."id" = ? LIMIT 1  [["id", 2]]
  Rendered users/show.html.erb within layouts/application (0.5ms)
Completed 200 OK in 17ms (Views: 15.3ms | ActiveRecord: 0.2ms)


Started GET "/users/2" for ::1 at 2016-06-05 19:18:49 -0700
Processing by UsersController#show as HTML
  Parameters: {"id"=>"2"}
  [1m[36mUser Load (0.1ms)[0m  [1mSELECT  "users".* FROM "users" WHERE "users"."id" = ? LIMIT 1[0m  [["id", 2]]
  [1m[35mUser Load (0.1ms)[0m  SELECT  "users".* FROM "users" WHERE "users"."id" = ? LIMIT 1  [["id", 2]]
  Rendered users/show.html.erb within layouts/application (0.6ms)
Completed 200 OK in 19ms (Views: 17.4ms | ActiveRecord: 0.2ms)


Started GET "/assets/sessions.self-e3b0c44298fc1c149afbf4c8996fb92427ae41e4649b934ca495991b7852b855.css?body=1" for ::1 at 2016-06-05 19:18:50 -0700


Started GET "/assets/application.self-e80e8f2318043e8af94dddc2adad5a4f09739a8ebb323b3ab31cd71d45fd9113.css?body=1" for ::1 at 2016-06-05 19:18:50 -0700


Started GET "/assets/users.self-e3b0c44298fc1c149afbf4c8996fb92427ae41e4649b934ca495991b7852b855.css?body=1" for ::1 at 2016-06-05 19:18:50 -0700


Started GET "/assets/jquery_ujs.self-e87806d0cf4489aeb1bb7288016024e8de67fd18db693fe026fe3907581e53cd.js?body=1" for ::1 at 2016-06-05 19:18:50 -0700


Started GET "/assets/jquery.self-660adc51e0224b731d29f575a6f1ec167ba08ad06ed5deca4f1e8654c135bf4c.js?body=1" for ::1 at 2016-06-05 19:18:50 -0700


Started GET "/assets/turbolinks.self-c37727e9bd6b2735da5c311aa83fead54ed0be6cc8bd9a65309e9c5abe2cbfff.js?body=1" for ::1 at 2016-06-05 19:18:50 -0700


Started GET "/assets/sessions.self-877aef30ae1b040ab8a3aba4e3e309a11d7f2612f44dde450b5c157aa5f95c05.js?body=1" for ::1 at 2016-06-05 19:18:50 -0700


Started GET "/assets/users.self-877aef30ae1b040ab8a3aba4e3e309a11d7f2612f44dde450b5c157aa5f95c05.js?body=1" for ::1 at 2016-06-05 19:18:50 -0700


Started GET "/assets/application.self-3b8dabdc891efe46b9a144b400ad69e37d7e5876bdc39dee783419a69d7ca819.js?body=1" for ::1 at 2016-06-05 19:18:50 -0700


Started GET "/users/2" for ::1 at 2016-06-05 19:20:05 -0700
Processing by UsersController#show as HTML
  Parameters: {"id"=>"2"}
  [1m[36mUser Load (0.1ms)[0m  [1mSELECT  "users".* FROM "users" WHERE "users"."id" = ? LIMIT 1[0m  [["id", 2]]
  [1m[35mUser Load (0.1ms)[0m  SELECT  "users".* FROM "users" WHERE "users"."id" = ? LIMIT 1  [["id", 2]]
  Rendered users/show.html.erb within layouts/application (0.5ms)
Completed 200 OK in 17ms (Views: 15.7ms | ActiveRecord: 0.2ms)


Started GET "/assets/sessions.self-e3b0c44298fc1c149afbf4c8996fb92427ae41e4649b934ca495991b7852b855.css?body=1" for ::1 at 2016-06-05 19:20:05 -0700


Started GET "/assets/jquery_ujs.self-e87806d0cf4489aeb1bb7288016024e8de67fd18db693fe026fe3907581e53cd.js?body=1" for ::1 at 2016-06-05 19:20:05 -0700


Started GET "/assets/users.self-e3b0c44298fc1c149afbf4c8996fb92427ae41e4649b934ca495991b7852b855.css?body=1" for ::1 at 2016-06-05 19:20:05 -0700


Started GET "/assets/jquery.self-660adc51e0224b731d29f575a6f1ec167ba08ad06ed5deca4f1e8654c135bf4c.js?body=1" for ::1 at 2016-06-05 19:20:05 -0700


Started GET "/assets/turbolinks.self-c37727e9bd6b2735da5c311aa83fead54ed0be6cc8bd9a65309e9c5abe2cbfff.js?body=1" for ::1 at 2016-06-05 19:20:05 -0700


Started GET "/assets/sessions.self-877aef30ae1b040ab8a3aba4e3e309a11d7f2612f44dde450b5c157aa5f95c05.js?body=1" for ::1 at 2016-06-05 19:20:05 -0700


Started GET "/assets/application.self-e80e8f2318043e8af94dddc2adad5a4f09739a8ebb323b3ab31cd71d45fd9113.css?body=1" for ::1 at 2016-06-05 19:20:05 -0700


Started GET "/assets/users.self-877aef30ae1b040ab8a3aba4e3e309a11d7f2612f44dde450b5c157aa5f95c05.js?body=1" for ::1 at 2016-06-05 19:20:05 -0700


Started GET "/assets/application.self-3b8dabdc891efe46b9a144b400ad69e37d7e5876bdc39dee783419a69d7ca819.js?body=1" for ::1 at 2016-06-05 19:20:05 -0700


Started DELETE "/logout" for ::1 at 2016-06-05 19:20:09 -0700
Processing by SessionsController#destroy as HTML
  Parameters: {"authenticity_token"=>"rhsCuoHhTSmnFdpyyZGDql0xSFouDba0BDGaKEHZF0a/mlCB3RWagr1dicBFPFJFMcUUMOKd29YDX9vnCZZogA=="}
Redirected to http://localhost:3000/
Completed 302 Found in 1ms (ActiveRecord: 0.0ms)


Started GET "/" for ::1 at 2016-06-05 19:20:09 -0700
Processing by UsersController#index as HTML
  [1m[36mUser Load (0.2ms)[0m  [1mSELECT "users".* FROM "users"[0m
  Rendered users/index.html.erb within layouts/application (0.6ms)
Completed 200 OK in 15ms (Views: 13.9ms | ActiveRecord: 0.2ms)


Started GET "/sessions/new" for ::1 at 2016-06-05 19:20:29 -0700
Processing by SessionsController#new as HTML
  Rendered sessions/new.html.erb within layouts/application (0.6ms)
Completed 200 OK in 18ms (Views: 17.2ms | ActiveRecord: 0.0ms)


Started POST "/sessions" for ::1 at 2016-06-05 19:20:38 -0700
Processing by SessionsController#create as HTML
  Parameters: {"utf8"=>"✓", "authenticity_token"=>"EGY3sOCeIXsr8ZwB+ZLeKi3Cxvi2NkhAutYie6qEuGUB52WLvGr20DG5z7N1Pw/FQTaaknqmJSK9uGO04svHow==", "email"=>"ranya@gmail.com", "password"=>"[FILTERED]", "commit"=>"Log in"}
  [1m[35mUser Load (0.1ms)[0m  SELECT  "users".* FROM "users" WHERE "users"."email" = ? LIMIT 1  [["email", "ranya@gmail.com"]]
Redirected to http://localhost:3000/sessions/new
Completed 302 Found in 65ms (ActiveRecord: 0.1ms)


Started GET "/sessions/new" for ::1 at 2016-06-05 19:20:38 -0700
Processing by SessionsController#new as HTML
  Rendered sessions/new.html.erb within layouts/application (0.5ms)
Completed 200 OK in 17ms (Views: 16.2ms | ActiveRecord: 0.0ms)


Started GET "/sessions/new" for ::1 at 2016-06-05 19:28:18 -0700
Processing by SessionsController#new as HTML
  Rendered sessions/new.html.erb within layouts/application (0.6ms)
Completed 200 OK in 18ms (Views: 17.4ms | ActiveRecord: 0.0ms)


Started POST "/sessions" for ::1 at 2016-06-05 19:32:42 -0700
Processing by SessionsController#create as HTML
  Parameters: {"utf8"=>"✓", "authenticity_token"=>"SiomfGMhoANNL4xeAahmZnTuoQga0OO9P3rh+0H/loVbq3RHP9V3qFdn3+yNBbeJGBr9YtZAjt84FKA0CbDpQw==", "email"=>"fjfdf@gmail.com", "password"=>"[FILTERED]", "commit"=>"Log in"}
  [1m[36mUser Load (0.1ms)[0m  [1mSELECT  "users".* FROM "users" WHERE "users"."email" = ? LIMIT 1[0m  [["email", "fjfdf@gmail.com"]]
Redirected to http://localhost:3000/sessions/new
Completed 302 Found in 4ms (ActiveRecord: 0.4ms)


Started GET "/sessions/new" for ::1 at 2016-06-05 19:32:42 -0700
Processing by SessionsController#new as HTML
  Rendered sessions/new.html.erb within layouts/application (0.6ms)
Completed 200 OK in 19ms (Views: 18.5ms | ActiveRecord: 0.0ms)


Started POST "/sessions" for ::1 at 2016-06-05 19:32:49 -0700
Processing by SessionsController#create as HTML
  Parameters: {"utf8"=>"✓", "authenticity_token"=>"+ES+YzeG/s6xh1uv1naJUtJuYDD6SRCvK0kcWW+EGFDpxexYa3IpZavPCB1a21i9vpo8WjbZfc0sJ12WJ8tnlg==", "email"=>"michael@gmail.com", "password"=>"[FILTERED]", "commit"=>"Log in"}
  [1m[35mUser Load (0.1ms)[0m  SELECT  "users".* FROM "users" WHERE "users"."email" = ? LIMIT 1  [["email", "michael@gmail.com"]]
Redirected to http://localhost:3000/sessions/new
Completed 302 Found in 68ms (ActiveRecord: 0.3ms)


Started GET "/sessions/new" for ::1 at 2016-06-05 19:32:49 -0700
Processing by SessionsController#new as HTML
  Rendered sessions/new.html.erb within layouts/application (0.5ms)
Completed 200 OK in 17ms (Views: 16.0ms | ActiveRecord: 0.0ms)


Started GET "/users/new" for ::1 at 2016-06-05 19:38:06 -0700
Processing by UsersController#new as HTML
  Rendered users/new.html.erb within layouts/application (1.3ms)
Completed 200 OK in 24ms (Views: 18.3ms | ActiveRecord: 0.4ms)


Started GET "/sessions/new" for ::1 at 2016-06-05 19:38:11 -0700
Processing by SessionsController#new as HTML
  Rendered sessions/new.html.erb within layouts/application (0.7ms)
Completed 200 OK in 20ms (Views: 19.6ms | ActiveRecord: 0.0ms)


Started POST "/sessions" for ::1 at 2016-06-05 19:38:15 -0700
Processing by SessionsController#create as HTML
  Parameters: {"utf8"=>"✓", "authenticity_token"=>"ZifIeQnAemVZKYU5bZknIWYFfap2Wo7BRKqbV/ywJed3pppCVTStzkNh1ovhNPbOCvEhwLrK46NDxNqYtP9aIQ==", "email"=>"fjfj", "password"=>"[FILTERED]", "commit"=>"Log in"}
  [1m[36mUser Load (0.2ms)[0m  [1mSELECT  "users".* FROM "users" WHERE "users"."email" = ? LIMIT 1[0m  [["email", "fjfj"]]
Redirected to http://localhost:3000/sessions/new
Completed 302 Found in 2ms (ActiveRecord: 0.2ms)


Started GET "/sessions/new" for ::1 at 2016-06-05 19:38:15 -0700
Processing by SessionsController#new as HTML
  Rendered sessions/new.html.erb within layouts/application (0.6ms)
Completed 200 OK in 15ms (Views: 14.2ms | ActiveRecord: 0.0ms)


Started POST "/sessions" for ::1 at 2016-06-05 19:38:24 -0700
Processing by SessionsController#create as HTML
  Parameters: {"utf8"=>"✓", "authenticity_token"=>"GeI4Uo8qH0petkPfOuGTdmWFTWRHjigK6CUXb3Uk5FgIY2pp097I4UT+EG22TEKZCXERDoseRWjvS1agPWubng==", "email"=>"lfg2305@gmail.com", "password"=>"[FILTERED]", "commit"=>"Log in"}
  [1m[35mUser Load (0.1ms)[0m  SELECT  "users".* FROM "users" WHERE "users"."email" = ? LIMIT 1  [["email", "lfg2305@gmail.com"]]
Redirected to http://localhost:3000/users/1
Completed 302 Found in 67ms (ActiveRecord: 0.1ms)


Started GET "/users/1" for ::1 at 2016-06-05 19:38:24 -0700
Processing by UsersController#show as HTML
  Parameters: {"id"=>"1"}
  [1m[36mUser Load (0.2ms)[0m  [1mSELECT  "users".* FROM "users" WHERE "users"."id" = ? LIMIT 1[0m  [["id", 1]]
  [1m[35mUser Load (0.1ms)[0m  SELECT  "users".* FROM "users" WHERE "users"."id" = ? LIMIT 1  [["id", 1]]
  Rendered users/show.html.erb within layouts/application (0.1ms)
Completed 200 OK in 17ms (Views: 15.2ms | ActiveRecord: 0.2ms)


Started DELETE "/logout" for ::1 at 2016-06-05 19:38:29 -0700
Processing by SessionsController#destroy as HTML
  Parameters: {"authenticity_token"=>"1iZztLZqIwfcQgJ3wchpJt1HuqzPxeNXZ8A0sFe75mPHpyGP6p70rMYKUcVNZbjJsbPmxgNVjjVgrnV/H/SZpQ=="}
Redirected to http://localhost:3000/
Completed 302 Found in 1ms (ActiveRecord: 0.0ms)


Started GET "/" for ::1 at 2016-06-05 19:38:29 -0700
Processing by UsersController#index as HTML
  [1m[36mUser Load (0.1ms)[0m  [1mSELECT "users".* FROM "users"[0m
  Rendered users/index.html.erb within layouts/application (0.6ms)
Completed 200 OK in 16ms (Views: 15.5ms | ActiveRecord: 0.1ms)


Started GET "/sessions/new" for ::1 at 2016-06-05 19:38:30 -0700
Processing by SessionsController#new as HTML
  Rendered sessions/new.html.erb within layouts/application (0.5ms)
Completed 200 OK in 16ms (Views: 15.0ms | ActiveRecord: 0.0ms)


Started POST "/sessions" for ::1 at 2016-06-05 19:38:39 -0700
Processing by SessionsController#create as HTML
  Parameters: {"utf8"=>"✓", "authenticity_token"=>"T6JwsyvnLFRVr6mQFus7yCcAa9fO4pbM2VnsksxlhF9eIyKIdxP7/0/n+iKaRuonS/Q3vQJy+67eN61dhCr7mQ==", "email"=>"lfg2305@gmail.com", "password"=>"[FILTERED]", "commit"=>"Log in"}
  [1m[35mUser Load (0.1ms)[0m  SELECT  "users".* FROM "users" WHERE "users"."email" = ? LIMIT 1  [["email", "lfg2305@gmail.com"]]
Redirected to http://localhost:3000/sessions/new
Completed 302 Found in 69ms (ActiveRecord: 0.1ms)


Started GET "/sessions/new" for ::1 at 2016-06-05 19:38:39 -0700
Processing by SessionsController#new as HTML
  Rendered sessions/new.html.erb within layouts/application (0.5ms)
Completed 200 OK in 15ms (Views: 14.8ms | ActiveRecord: 0.0ms)


Started GET "/users/new" for ::1 at 2016-06-05 19:38:47 -0700
Processing by UsersController#new as HTML
  Rendered users/new.html.erb within layouts/application (1.1ms)
Completed 200 OK in 18ms (Views: 16.9ms | ActiveRecord: 0.0ms)


Started GET "/sessions/new" for ::1 at 2016-06-05 19:38:51 -0700
Processing by SessionsController#new as HTML
  Rendered sessions/new.html.erb within layouts/application (0.5ms)
Completed 200 OK in 17ms (Views: 16.2ms | ActiveRecord: 0.0ms)


Started POST "/sessions" for ::1 at 2016-06-05 19:39:49 -0700
Processing by SessionsController#create as HTML
  Parameters: {"utf8"=>"✓", "authenticity_token"=>"rjZ1Z5YcqAKcAa+5mSc9QmlAPX/I+NygNtzM54Vjy12/tydcyuh/qYZJ/AsViuytBbRhFQRoscIxso0ozSy0mw==", "email"=>"lfg2305@gmail.com", "password"=>"[FILTERED]", "commit"=>"Log in"}
  [1m[36mUser Load (0.1ms)[0m  [1mSELECT  "users".* FROM "users" WHERE "users"."email" = ? LIMIT 1[0m  [["email", "lfg2305@gmail.com"]]
Redirected to http://localhost:3000/users/1
Completed 302 Found in 63ms (ActiveRecord: 0.1ms)


Started GET "/users/1" for ::1 at 2016-06-05 19:39:49 -0700
Processing by UsersController#show as HTML
  Parameters: {"id"=>"1"}
  [1m[35mUser Load (0.1ms)[0m  SELECT  "users".* FROM "users" WHERE "users"."id" = ? LIMIT 1  [["id", 1]]
  [1m[36mUser Load (0.1ms)[0m  [1mSELECT  "users".* FROM "users" WHERE "users"."id" = ? LIMIT 1[0m  [["id", 1]]
  Rendered users/show.html.erb within layouts/application (0.1ms)
Completed 200 OK in 16ms (Views: 14.4ms | ActiveRecord: 0.2ms)


Started DELETE "/logout" for ::1 at 2016-06-05 19:39:53 -0700
Processing by SessionsController#destroy as HTML
  Parameters: {"authenticity_token"=>"E1YoyCWNpBREZzHVTSj/71j8Ylki8odGC19QR4qtKKEC13rzeXlzv14vYmfBhS4ANAg+M+5i6iQMMRGIwuJXZw=="}
Redirected to http://localhost:3000/
Completed 302 Found in 1ms (ActiveRecord: 0.0ms)


Started GET "/" for ::1 at 2016-06-05 19:39:53 -0700
Processing by UsersController#index as HTML
  [1m[35mUser Load (0.1ms)[0m  SELECT "users".* FROM "users"
  Rendered users/index.html.erb within layouts/application (0.6ms)
Completed 200 OK in 16ms (Views: 15.0ms | ActiveRecord: 0.1ms)


Started GET "/sessions/new" for ::1 at 2016-06-05 19:40:00 -0700
Processing by SessionsController#new as HTML
  Rendered sessions/new.html.erb within layouts/application (0.5ms)
Completed 200 OK in 17ms (Views: 16.0ms | ActiveRecord: 0.0ms)


Started POST "/sessions" for ::1 at 2016-06-05 19:40:12 -0700
Processing by SessionsController#create as HTML
  Parameters: {"utf8"=>"✓", "authenticity_token"=>"M1BhPHK14brRs5miCHvgH9v2mrCB3XjgjY9PqFeQgo4i0TMHLkE2Ecv7yhCE1jHwtwLG2k1NFYKK4Q5nH9/9SA==", "email"=>"ranya@gmail.com", "password"=>"[FILTERED]", "commit"=>"Log in"}
  [1m[36mUser Load (0.1ms)[0m  [1mSELECT  "users".* FROM "users" WHERE "users"."email" = ? LIMIT 1[0m  [["email", "ranya@gmail.com"]]
Redirected to http://localhost:3000/users/2
Completed 302 Found in 62ms (ActiveRecord: 0.1ms)


Started GET "/users/2" for ::1 at 2016-06-05 19:40:12 -0700
Processing by UsersController#show as HTML
  Parameters: {"id"=>"2"}
  [1m[35mUser Load (0.1ms)[0m  SELECT  "users".* FROM "users" WHERE "users"."id" = ? LIMIT 1  [["id", 2]]
  [1m[36mUser Load (0.1ms)[0m  [1mSELECT  "users".* FROM "users" WHERE "users"."id" = ? LIMIT 1[0m  [["id", 2]]
  Rendered users/show.html.erb within layouts/application (0.1ms)
Completed 200 OK in 17ms (Views: 15.3ms | ActiveRecord: 0.2ms)


Started DELETE "/logout" for ::1 at 2016-06-05 19:40:20 -0700
Processing by SessionsController#destroy as HTML
  Parameters: {"authenticity_token"=>"bxjl3yejR88TgMbIHnJYQmfJPQIZdfW18AHMf2v6fJV+mbfke1eQZAnIlXqS34mtCz1haNXlmNf3b42wI7UDUw=="}
Redirected to http://localhost:3000/
Completed 302 Found in 1ms (ActiveRecord: 0.0ms)


Started GET "/" for ::1 at 2016-06-05 19:40:20 -0700
Processing by UsersController#index as HTML
  [1m[35mUser Load (0.2ms)[0m  SELECT "users".* FROM "users"
  Rendered users/index.html.erb within layouts/application (0.6ms)
Completed 200 OK in 16ms (Views: 15.3ms | ActiveRecord: 0.2ms)


Started GET "/sessions/new" for ::1 at 2016-06-05 19:40:22 -0700
Processing by SessionsController#new as HTML
  Rendered sessions/new.html.erb within layouts/application (0.5ms)
Completed 200 OK in 16ms (Views: 15.4ms | ActiveRecord: 0.0ms)


Started GET "/users/new" for ::1 at 2016-06-05 19:40:24 -0700
Processing by UsersController#new as HTML
  Rendered users/new.html.erb within layouts/application (0.9ms)
Completed 200 OK in 17ms (Views: 16.5ms | ActiveRecord: 0.0ms)


Started POST "/users" for ::1 at 2016-06-05 19:40:39 -0700
Processing by UsersController#create as HTML
  Parameters: {"utf8"=>"✓", "authenticity_token"=>"98KKNgpp1BCdnjPJ/0aGRWc8OpkTJEkwYYzjaWrKhJHmQ9gNVp0Du4fWYHtz61eqC8hm89+0JFJm4qKmIoX7Vw==", "user"=>{"name"=>"Lawrence", "email"=>"lawrence.gomez@outlook.com", "password"=>"[FILTERED]", "password_confirmation"=>"[FILTERED]"}, "commit"=>"Create Account"}
  [1m[36m (0.1ms)[0m  [1mbegin transaction[0m
  [1m[35mSQL (0.4ms)[0m  INSERT INTO "users" ("name", "email", "password_digest", "created_at", "updated_at") VALUES (?, ?, ?, ?, ?)  [["name", "Lawrence"], ["email", "lawrence.gomez@outlook.com"], ["password_digest", "$2a$10$8jucghifTPev.WV5B2N0XuEL7WElh5JNJqXdOtqLxPIWVhoWnchsS"], ["created_at", "2016-06-06 02:40:39.152373"], ["updated_at", "2016-06-06 02:40:39.152373"]]
  [1m[36m (0.7ms)[0m  [1mcommit transaction[0m
Redirected to http://localhost:3000/sessions/new
Completed 302 Found in 66ms (ActiveRecord: 1.2ms)


Started GET "/sessions/new" for ::1 at 2016-06-05 19:40:39 -0700
Processing by SessionsController#new as HTML
  Rendered sessions/new.html.erb within layouts/application (0.5ms)
Completed 200 OK in 16ms (Views: 14.9ms | ActiveRecord: 0.0ms)


Started GET "/users" for ::1 at 2016-06-05 19:40:50 -0700
Processing by UsersController#index as HTML
  [1m[35mUser Load (0.2ms)[0m  SELECT "users".* FROM "users"
  Rendered users/index.html.erb within layouts/application (0.7ms)
Completed 200 OK in 16ms (Views: 15.3ms | ActiveRecord: 0.2ms)


Started GET "/sessions/new" for ::1 at 2016-06-05 19:40:54 -0700
Processing by SessionsController#new as HTML
  Rendered sessions/new.html.erb within layouts/application (0.5ms)
Completed 200 OK in 15ms (Views: 14.8ms | ActiveRecord: 0.0ms)


Started POST "/sessions" for ::1 at 2016-06-05 19:40:58 -0700
Processing by SessionsController#create as HTML
  Parameters: {"utf8"=>"✓", "authenticity_token"=>"Zmiej2aub+xEFlF55uSlh0TCk/XOhGPxD22nR78H5Ch36cy0Olq4R15eAstqSXRoKDbPnwIUDpMIA+aI90ib7g==", "email"=>"asdfadsf", "password"=>"[FILTERED]", "commit"=>"Log in"}
  [1m[36mUser Load (0.1ms)[0m  [1mSELECT  "users".* FROM "users" WHERE "users"."email" = ? LIMIT 1[0m  [["email", "asdfadsf"]]
Redirected to http://localhost:3000/sessions/new
Completed 302 Found in 1ms (ActiveRecord: 0.1ms)


Started GET "/sessions/new" for ::1 at 2016-06-05 19:40:58 -0700
Processing by SessionsController#new as HTML
  Rendered sessions/new.html.erb within layouts/application (0.5ms)
Completed 200 OK in 16ms (Views: 15.7ms | ActiveRecord: 0.0ms)


Started GET "/users" for ::1 at 2016-06-06 12:03:14 -0700
  [1m[36mActiveRecord::SchemaMigration Load (0.1ms)[0m  [1mSELECT "schema_migrations".* FROM "schema_migrations"[0m
Processing by UsersController#index as HTML
  [1m[35mUser Load (0.3ms)[0m  SELECT "users".* FROM "users"
  Rendered users/index.html.erb within layouts/application (6.7ms)
Completed 200 OK in 238ms (Views: 228.5ms | ActiveRecord: 0.6ms)


Started GET "/sessions/new" for ::1 at 2016-06-06 12:03:17 -0700
Processing by SessionsController#new as HTML
  Rendered sessions/new.html.erb within layouts/application (1.1ms)
Completed 200 OK in 17ms (Views: 16.2ms | ActiveRecord: 0.0ms)


Started POST "/sessions" for ::1 at 2016-06-06 12:03:24 -0700
Processing by SessionsController#create as HTML
  Parameters: {"utf8"=>"✓", "authenticity_token"=>"7j/44q56eiwrf8gZp2+8McNi06ockVVmd7o4clM/DXH/vqrZ8o6thzE3m6srwm3er5aPwNABOARw1Hm9G3Bytw==", "email"=>"lfg2305@gmail.com", "password"=>"[FILTERED]", "commit"=>"Log in"}
  [1m[36mUser Load (0.2ms)[0m  [1mSELECT  "users".* FROM "users" WHERE "users"."email" = ? LIMIT 1[0m  [["email", "lfg2305@gmail.com"]]
Redirected to http://localhost:3000/sessions/new
Completed 302 Found in 71ms (ActiveRecord: 0.2ms)


Started GET "/sessions/new" for ::1 at 2016-06-06 12:03:24 -0700
Processing by SessionsController#new as HTML
  Rendered sessions/new.html.erb within layouts/application (0.9ms)
Completed 200 OK in 16ms (Views: 15.3ms | ActiveRecord: 0.0ms)
  [1m[36mActiveRecord::SchemaMigration Load (0.1ms)[0m  [1mSELECT "schema_migrations".* FROM "schema_migrations"[0m
Migrating to CreateImages (20160606191334)
  [1m[35m (0.1ms)[0m  begin transaction
  [1m[36m (0.4ms)[0m  [1mCREATE TABLE "images" ("id" INTEGER PRIMARY KEY AUTOINCREMENT NOT NULL, "title" varchar, "image_url" varchar, "description" text, "tags" varchar, "user_id" integer, "created_at" datetime NOT NULL, "updated_at" datetime NOT NULL) [0m
  [1m[35m (0.0ms)[0m  select sqlite_version(*)
  [1m[36m (0.1ms)[0m  [1mCREATE  INDEX "index_images_on_user_id" ON "images" ("user_id")[0m
  [1m[35mSQL (0.2ms)[0m  INSERT INTO "schema_migrations" ("version") VALUES (?)  [["version", "20160606191334"]]
  [1m[36m (0.8ms)[0m  [1mcommit transaction[0m
  [1m[35mActiveRecord::SchemaMigration Load (0.1ms)[0m  SELECT "schema_migrations".* FROM "schema_migrations"
  [1m[36m (0.1ms)[0m  [1m            SELECT sql
            FROM sqlite_master
            WHERE name='index_images_on_user_id' AND type='index'
            UNION ALL
            SELECT sql
            FROM sqlite_temp_master
            WHERE name='index_images_on_user_id' AND type='index'
[0m
  [1m[36mActiveRecord::SchemaMigration Load (0.1ms)[0m  [1mSELECT "schema_migrations".* FROM "schema_migrations"[0m
Migrating to CreateComments (20160606191814)
  [1m[35m (0.1ms)[0m  begin transaction
  [1m[36m (0.5ms)[0m  [1mCREATE TABLE "comments" ("id" INTEGER PRIMARY KEY AUTOINCREMENT NOT NULL, "body" text, "user_id" integer, "image_id" integer, "created_at" datetime NOT NULL, "updated_at" datetime NOT NULL) [0m
  [1m[35m (0.1ms)[0m  select sqlite_version(*)
  [1m[36m (0.1ms)[0m  [1mCREATE  INDEX "index_comments_on_user_id" ON "comments" ("user_id")[0m
  [1m[35m (0.1ms)[0m              SELECT sql
            FROM sqlite_master
            WHERE name='index_comments_on_user_id' AND type='index'
            UNION ALL
            SELECT sql
            FROM sqlite_temp_master
            WHERE name='index_comments_on_user_id' AND type='index'

  [1m[36m (0.1ms)[0m  [1mCREATE  INDEX "index_comments_on_image_id" ON "comments" ("image_id")[0m
  [1m[35mSQL (0.2ms)[0m  INSERT INTO "schema_migrations" ("version") VALUES (?)  [["version", "20160606191814"]]
  [1m[36m (2.4ms)[0m  [1mcommit transaction[0m
  [1m[35mActiveRecord::SchemaMigration Load (0.1ms)[0m  SELECT "schema_migrations".* FROM "schema_migrations"
  [1m[36m (0.1ms)[0m  [1m            SELECT sql
            FROM sqlite_master
            WHERE name='index_comments_on_image_id' AND type='index'
            UNION ALL
            SELECT sql
            FROM sqlite_temp_master
            WHERE name='index_comments_on_image_id' AND type='index'
[0m
  [1m[35m (0.1ms)[0m              SELECT sql
            FROM sqlite_master
            WHERE name='index_comments_on_user_id' AND type='index'
            UNION ALL
            SELECT sql
            FROM sqlite_temp_master
            WHERE name='index_comments_on_user_id' AND type='index'

  [1m[36m (0.1ms)[0m  [1m            SELECT sql
            FROM sqlite_master
            WHERE name='index_images_on_user_id' AND type='index'
            UNION ALL
            SELECT sql
            FROM sqlite_temp_master
            WHERE name='index_images_on_user_id' AND type='index'
[0m
